[07-Jun-2017 02:25:28 UTC] PHP Notice:  wp_get_http is <strong>deprecated</strong> since version 4.4.0! Use WP_Http instead. in /opt/lampp/htdocs/wordpressclgt/wp-includes/functions.php on line 3830
[07-Jun-2017 02:25:29 UTC] PHP Notice:  wp_get_http is <strong>deprecated</strong> since version 4.4.0! Use WP_Http instead. in /opt/lampp/htdocs/wordpressclgt/wp-includes/functions.php on line 3830
[07-Jun-2017 02:25:30 UTC] PHP Notice:  wp_get_http is <strong>deprecated</strong> since version 4.4.0! Use WP_Http instead. in /opt/lampp/htdocs/wordpressclgt/wp-includes/functions.php on line 3830
[07-Jun-2017 02:25:31 UTC] PHP Notice:  wp_get_http is <strong>deprecated</strong> since version 4.4.0! Use WP_Http instead. in /opt/lampp/htdocs/wordpressclgt/wp-includes/functions.php on line 3830
[07-Jun-2017 02:25:34 UTC] PHP Notice:  wp_get_http is <strong>deprecated</strong> since version 4.4.0! Use WP_Http instead. in /opt/lampp/htdocs/wordpressclgt/wp-includes/functions.php on line 3830
[07-Jun-2017 02:25:36 UTC] PHP Notice:  wp_get_http is <strong>deprecated</strong> since version 4.4.0! Use WP_Http instead. in /opt/lampp/htdocs/wordpressclgt/wp-includes/functions.php on line 3830
[07-Jun-2017 02:25:37 UTC] PHP Notice:  wp_get_http is <strong>deprecated</strong> since version 4.4.0! Use WP_Http instead. in /opt/lampp/htdocs/wordpressclgt/wp-includes/functions.php on line 3830
[07-Jun-2017 02:25:39 UTC] PHP Notice:  wp_get_http is <strong>deprecated</strong> since version 4.4.0! Use WP_Http instead. in /opt/lampp/htdocs/wordpressclgt/wp-includes/functions.php on line 3830
[07-Jun-2017 02:25:40 UTC] PHP Notice:  wp_get_http is <strong>deprecated</strong> since version 4.4.0! Use WP_Http instead. in /opt/lampp/htdocs/wordpressclgt/wp-includes/functions.php on line 3830
[07-Jun-2017 02:25:41 UTC] PHP Notice:  wp_get_http is <strong>deprecated</strong> since version 4.4.0! Use WP_Http instead. in /opt/lampp/htdocs/wordpressclgt/wp-includes/functions.php on line 3830
[07-Jun-2017 02:25:43 UTC] PHP Notice:  wp_get_http is <strong>deprecated</strong> since version 4.4.0! Use WP_Http instead. in /opt/lampp/htdocs/wordpressclgt/wp-includes/functions.php on line 3830
[07-Jun-2017 02:25:44 UTC] PHP Notice:  wp_get_http is <strong>deprecated</strong> since version 4.4.0! Use WP_Http instead. in /opt/lampp/htdocs/wordpressclgt/wp-includes/functions.php on line 3830
[07-Jun-2017 02:25:46 UTC] PHP Notice:  wp_get_http is <strong>deprecated</strong> since version 4.4.0! Use WP_Http instead. in /opt/lampp/htdocs/wordpressclgt/wp-includes/functions.php on line 3830
[07-Jun-2017 02:25:48 UTC] PHP Notice:  wp_get_http is <strong>deprecated</strong> since version 4.4.0! Use WP_Http instead. in /opt/lampp/htdocs/wordpressclgt/wp-includes/functions.php on line 3830
[07-Jun-2017 02:25:51 UTC] PHP Notice:  wp_get_http is <strong>deprecated</strong> since version 4.4.0! Use WP_Http instead. in /opt/lampp/htdocs/wordpressclgt/wp-includes/functions.php on line 3830
[07-Jun-2017 02:26:02 UTC] PHP Notice:  wp_get_http is <strong>deprecated</strong> since version 4.4.0! Use WP_Http instead. in /opt/lampp/htdocs/wordpressclgt/wp-includes/functions.php on line 3830
[07-Jun-2017 02:26:12 UTC] PHP Notice:  wp_get_http is <strong>deprecated</strong> since version 4.4.0! Use WP_Http instead. in /opt/lampp/htdocs/wordpressclgt/wp-includes/functions.php on line 3830
[07-Jun-2017 02:26:15 UTC] PHP Notice:  wp_get_http is <strong>deprecated</strong> since version 4.4.0! Use WP_Http instead. in /opt/lampp/htdocs/wordpressclgt/wp-includes/functions.php on line 3830
[07-Jun-2017 02:26:16 UTC] PHP Notice:  wp_get_http is <strong>deprecated</strong> since version 4.4.0! Use WP_Http instead. in /opt/lampp/htdocs/wordpressclgt/wp-includes/functions.php on line 3830
[07-Jun-2017 02:26:19 UTC] PHP Notice:  wp_get_http is <strong>deprecated</strong> since version 4.4.0! Use WP_Http instead. in /opt/lampp/htdocs/wordpressclgt/wp-includes/functions.php on line 3830
[07-Jun-2017 02:26:21 UTC] PHP Notice:  wp_get_http is <strong>deprecated</strong> since version 4.4.0! Use WP_Http instead. in /opt/lampp/htdocs/wordpressclgt/wp-includes/functions.php on line 3830
[07-Jun-2017 02:26:24 UTC] PHP Notice:  wp_get_http is <strong>deprecated</strong> since version 4.4.0! Use WP_Http instead. in /opt/lampp/htdocs/wordpressclgt/wp-includes/functions.php on line 3830
[07-Jun-2017 02:26:46 UTC] PHP Notice:  wp_get_http is <strong>deprecated</strong> since version 4.4.0! Use WP_Http instead. in /opt/lampp/htdocs/wordpressclgt/wp-includes/functions.php on line 3830
[07-Jun-2017 02:26:49 UTC] PHP Notice:  wp_get_http is <strong>deprecated</strong> since version 4.4.0! Use WP_Http instead. in /opt/lampp/htdocs/wordpressclgt/wp-includes/functions.php on line 3830
[07-Jun-2017 02:26:53 UTC] PHP Notice:  wp_get_http is <strong>deprecated</strong> since version 4.4.0! Use WP_Http instead. in /opt/lampp/htdocs/wordpressclgt/wp-includes/functions.php on line 3830
[07-Jun-2017 02:26:58 UTC] PHP Notice:  wp_get_http is <strong>deprecated</strong> since version 4.4.0! Use WP_Http instead. in /opt/lampp/htdocs/wordpressclgt/wp-includes/functions.php on line 3830
[07-Jun-2017 02:27:00 UTC] PHP Notice:  wp_get_http is <strong>deprecated</strong> since version 4.4.0! Use WP_Http instead. in /opt/lampp/htdocs/wordpressclgt/wp-includes/functions.php on line 3830
[07-Jun-2017 02:27:02 UTC] PHP Notice:  wp_get_http is <strong>deprecated</strong> since version 4.4.0! Use WP_Http instead. in /opt/lampp/htdocs/wordpressclgt/wp-includes/functions.php on line 3830
[07-Jun-2017 02:27:04 UTC] PHP Notice:  wp_get_http is <strong>deprecated</strong> since version 4.4.0! Use WP_Http instead. in /opt/lampp/htdocs/wordpressclgt/wp-includes/functions.php on line 3830
[07-Jun-2017 02:27:08 UTC] PHP Notice:  wp_get_http is <strong>deprecated</strong> since version 4.4.0! Use WP_Http instead. in /opt/lampp/htdocs/wordpressclgt/wp-includes/functions.php on line 3830
[07-Jun-2017 02:27:11 UTC] PHP Notice:  wp_get_http is <strong>deprecated</strong> since version 4.4.0! Use WP_Http instead. in /opt/lampp/htdocs/wordpressclgt/wp-includes/functions.php on line 3830
[07-Jun-2017 02:27:14 UTC] PHP Notice:  wp_get_http is <strong>deprecated</strong> since version 4.4.0! Use WP_Http instead. in /opt/lampp/htdocs/wordpressclgt/wp-includes/functions.php on line 3830
[07-Jun-2017 02:27:16 UTC] PHP Notice:  wp_get_http is <strong>deprecated</strong> since version 4.4.0! Use WP_Http instead. in /opt/lampp/htdocs/wordpressclgt/wp-includes/functions.php on line 3830
[07-Jun-2017 02:27:18 UTC] PHP Notice:  wp_get_http is <strong>deprecated</strong> since version 4.4.0! Use WP_Http instead. in /opt/lampp/htdocs/wordpressclgt/wp-includes/functions.php on line 3830
[07-Jun-2017 02:27:21 UTC] PHP Notice:  wp_get_http is <strong>deprecated</strong> since version 4.4.0! Use WP_Http instead. in /opt/lampp/htdocs/wordpressclgt/wp-includes/functions.php on line 3830
[07-Jun-2017 02:27:24 UTC] PHP Notice:  wp_get_http is <strong>deprecated</strong> since version 4.4.0! Use WP_Http instead. in /opt/lampp/htdocs/wordpressclgt/wp-includes/functions.php on line 3830
[07-Jun-2017 02:27:27 UTC] PHP Notice:  wp_get_http is <strong>deprecated</strong> since version 4.4.0! Use WP_Http instead. in /opt/lampp/htdocs/wordpressclgt/wp-includes/functions.php on line 3830
[07-Jun-2017 02:27:31 UTC] PHP Notice:  wp_get_http is <strong>deprecated</strong> since version 4.4.0! Use WP_Http instead. in /opt/lampp/htdocs/wordpressclgt/wp-includes/functions.php on line 3830
[07-Jun-2017 02:27:33 UTC] PHP Notice:  wp_get_http is <strong>deprecated</strong> since version 4.4.0! Use WP_Http instead. in /opt/lampp/htdocs/wordpressclgt/wp-includes/functions.php on line 3830
[07-Jun-2017 02:27:36 UTC] PHP Notice:  wp_get_http is <strong>deprecated</strong> since version 4.4.0! Use WP_Http instead. in /opt/lampp/htdocs/wordpressclgt/wp-includes/functions.php on line 3830
[07-Jun-2017 02:27:39 UTC] PHP Notice:  wp_get_http is <strong>deprecated</strong> since version 4.4.0! Use WP_Http instead. in /opt/lampp/htdocs/wordpressclgt/wp-includes/functions.php on line 3830
[07-Jun-2017 02:27:42 UTC] PHP Notice:  wp_get_http is <strong>deprecated</strong> since version 4.4.0! Use WP_Http instead. in /opt/lampp/htdocs/wordpressclgt/wp-includes/functions.php on line 3830
[07-Jun-2017 02:28:07 UTC] PHP Notice:  wp_get_http is <strong>deprecated</strong> since version 4.4.0! Use WP_Http instead. in /opt/lampp/htdocs/wordpressclgt/wp-includes/functions.php on line 3830
[07-Jun-2017 02:28:16 UTC] PHP Notice:  wp_get_http is <strong>deprecated</strong> since version 4.4.0! Use WP_Http instead. in /opt/lampp/htdocs/wordpressclgt/wp-includes/functions.php on line 3830
[07-Jun-2017 02:28:17 UTC] PHP Notice:  wp_get_http is <strong>deprecated</strong> since version 4.4.0! Use WP_Http instead. in /opt/lampp/htdocs/wordpressclgt/wp-includes/functions.php on line 3830
[07-Jun-2017 02:28:19 UTC] PHP Notice:  wp_get_http is <strong>deprecated</strong> since version 4.4.0! Use WP_Http instead. in /opt/lampp/htdocs/wordpressclgt/wp-includes/functions.php on line 3830
[07-Jun-2017 02:28:21 UTC] PHP Notice:  wp_get_http is <strong>deprecated</strong> since version 4.4.0! Use WP_Http instead. in /opt/lampp/htdocs/wordpressclgt/wp-includes/functions.php on line 3830
[07-Jun-2017 02:28:23 UTC] PHP Notice:  wp_get_http is <strong>deprecated</strong> since version 4.4.0! Use WP_Http instead. in /opt/lampp/htdocs/wordpressclgt/wp-includes/functions.php on line 3830
[07-Jun-2017 02:28:25 UTC] PHP Notice:  wp_get_http is <strong>deprecated</strong> since version 4.4.0! Use WP_Http instead. in /opt/lampp/htdocs/wordpressclgt/wp-includes/functions.php on line 3830
[07-Jun-2017 02:28:26 UTC] PHP Notice:  wp_get_http is <strong>deprecated</strong> since version 4.4.0! Use WP_Http instead. in /opt/lampp/htdocs/wordpressclgt/wp-includes/functions.php on line 3830
[07-Jun-2017 02:28:28 UTC] PHP Notice:  wp_get_http is <strong>deprecated</strong> since version 4.4.0! Use WP_Http instead. in /opt/lampp/htdocs/wordpressclgt/wp-includes/functions.php on line 3830
[07-Jun-2017 03:18:07 UTC] PHP Fatal error:  Uncaught Error: Call to undefined function wc_add_notice() in /opt/lampp/htdocs/wordpressclgt/wp-content/plugins/woocommerce-gateway-alepay-checkout/woocommerce-gateway-alepay-checkout.php:18
Stack trace:
#0 /opt/lampp/htdocs/wordpressclgt/wp-settings.php(304): include_once()
#1 /opt/lampp/htdocs/wordpressclgt/wp-config.php(93): require_once('/opt/lampp/htdo...')
#2 /opt/lampp/htdocs/wordpressclgt/wp-load.php(37): require_once('/opt/lampp/htdo...')
#3 /opt/lampp/htdocs/wordpressclgt/wp-blog-header.php(13): require_once('/opt/lampp/htdo...')
#4 /opt/lampp/htdocs/wordpressclgt/index.php(17): require('/opt/lampp/htdo...')
#5 {main}
  thrown in /opt/lampp/htdocs/wordpressclgt/wp-content/plugins/woocommerce-gateway-alepay-checkout/woocommerce-gateway-alepay-checkout.php on line 18
[07-Jun-2017 03:18:53 UTC] PHP Fatal error:  Uncaught Error: Call to undefined function wc_add_notice() in /opt/lampp/htdocs/wordpressclgt/wp-content/plugins/woocommerce-gateway-alepay-checkout/woocommerce-gateway-alepay-checkout.php:18
Stack trace:
#0 /opt/lampp/htdocs/wordpressclgt/wp-settings.php(304): include_once()
#1 /opt/lampp/htdocs/wordpressclgt/wp-config.php(93): require_once('/opt/lampp/htdo...')
#2 /opt/lampp/htdocs/wordpressclgt/wp-load.php(37): require_once('/opt/lampp/htdo...')
#3 /opt/lampp/htdocs/wordpressclgt/wp-blog-header.php(13): require_once('/opt/lampp/htdo...')
#4 /opt/lampp/htdocs/wordpressclgt/index.php(17): require('/opt/lampp/htdo...')
#5 {main}
  thrown in /opt/lampp/htdocs/wordpressclgt/wp-content/plugins/woocommerce-gateway-alepay-checkout/woocommerce-gateway-alepay-checkout.php on line 18
[07-Jun-2017 03:18:58 UTC] PHP Fatal error:  Uncaught Error: Call to undefined function wc_add_notice() in /opt/lampp/htdocs/wordpressclgt/wp-content/plugins/woocommerce-gateway-alepay-checkout/woocommerce-gateway-alepay-checkout.php:18
Stack trace:
#0 /opt/lampp/htdocs/wordpressclgt/wp-settings.php(304): include_once()
#1 /opt/lampp/htdocs/wordpressclgt/wp-config.php(93): require_once('/opt/lampp/htdo...')
#2 /opt/lampp/htdocs/wordpressclgt/wp-load.php(37): require_once('/opt/lampp/htdo...')
#3 /opt/lampp/htdocs/wordpressclgt/wp-blog-header.php(13): require_once('/opt/lampp/htdo...')
#4 /opt/lampp/htdocs/wordpressclgt/index.php(17): require('/opt/lampp/htdo...')
#5 {main}
  thrown in /opt/lampp/htdocs/wordpressclgt/wp-content/plugins/woocommerce-gateway-alepay-checkout/woocommerce-gateway-alepay-checkout.php on line 18
[07-Jun-2017 03:19:17 UTC] PHP Notice:  Undefined variable: errorException in /opt/lampp/htdocs/wordpressclgt/wp-content/plugins/woocommerce-gateway-alepay-checkout/woocommerce-gateway-alepay-checkout.php on line 19
[07-Jun-2017 03:19:17 UTC] PHP Notice:  Trying to get property of non-object in /opt/lampp/htdocs/wordpressclgt/wp-content/plugins/woocommerce-gateway-alepay-checkout/woocommerce-gateway-alepay-checkout.php on line 19
[07-Jun-2017 03:19:59 UTC] PHP Notice:  Undefined variable: errorException in /opt/lampp/htdocs/wordpressclgt/wp-content/plugins/woocommerce-gateway-alepay-checkout/woocommerce-gateway-alepay-checkout.php on line 19
[07-Jun-2017 03:19:59 UTC] PHP Notice:  Trying to get property of non-object in /opt/lampp/htdocs/wordpressclgt/wp-content/plugins/woocommerce-gateway-alepay-checkout/woocommerce-gateway-alepay-checkout.php on line 19
[07-Jun-2017 03:44:50 UTC] PHP Warning:  Invalid argument supplied for foreach() in /opt/lampp/htdocs/wordpressclgt/wp-content/plugins/woocommerce-gateway-alepay-checkout/woocommerce-gateway-alepay-checkout.php on line 184
[07-Jun-2017 03:44:50 UTC] PHP Notice:  Trying to get property of non-object in /opt/lampp/htdocs/wordpressclgt/wp-content/plugins/woocommerce-gateway-alepay-checkout/woocommerce-gateway-alepay-checkout.php on line 189
[07-Jun-2017 03:45:10 UTC] PHP Warning:  Invalid argument supplied for foreach() in /opt/lampp/htdocs/wordpressclgt/wp-content/plugins/woocommerce-gateway-alepay-checkout/woocommerce-gateway-alepay-checkout.php on line 184
[07-Jun-2017 03:45:10 UTC] PHP Notice:  Trying to get property of non-object in /opt/lampp/htdocs/wordpressclgt/wp-content/plugins/woocommerce-gateway-alepay-checkout/woocommerce-gateway-alepay-checkout.php on line 189
[07-Jun-2017 04:39:43 UTC] PHP Warning:  Invalid argument supplied for foreach() in /opt/lampp/htdocs/wordpressclgt/wp-content/plugins/woocommerce-gateway-alepay-checkout/woocommerce-gateway-alepay-checkout.php on line 184
[07-Jun-2017 04:39:43 UTC] PHP Notice:  Trying to get property of non-object in /opt/lampp/htdocs/wordpressclgt/wp-content/plugins/woocommerce-gateway-alepay-checkout/woocommerce-gateway-alepay-checkout.php on line 189
[07-Jun-2017 04:40:13 UTC] PHP Warning:  Invalid argument supplied for foreach() in /opt/lampp/htdocs/wordpressclgt/wp-content/plugins/woocommerce-gateway-alepay-checkout/woocommerce-gateway-alepay-checkout.php on line 184
[07-Jun-2017 04:40:13 UTC] PHP Notice:  Trying to get property of non-object in /opt/lampp/htdocs/wordpressclgt/wp-content/plugins/woocommerce-gateway-alepay-checkout/woocommerce-gateway-alepay-checkout.php on line 189
[07-Jun-2017 04:40:29 UTC] PHP Warning:  Invalid argument supplied for foreach() in /opt/lampp/htdocs/wordpressclgt/wp-content/plugins/woocommerce-gateway-alepay-checkout/woocommerce-gateway-alepay-checkout.php on line 184
[07-Jun-2017 04:40:29 UTC] PHP Notice:  Trying to get property of non-object in /opt/lampp/htdocs/wordpressclgt/wp-content/plugins/woocommerce-gateway-alepay-checkout/woocommerce-gateway-alepay-checkout.php on line 189
[07-Jun-2017 04:48:27 UTC] PHP Notice:  Trying to get property of non-object in /opt/lampp/htdocs/wordpressclgt/wp-content/plugins/woocommerce-gateway-alepay-checkout/woocommerce-gateway-alepay-checkout.php on line 252
[07-Jun-2017 04:48:27 UTC] PHP Notice:  Undefined index:  in /opt/lampp/htdocs/wordpressclgt/wp-content/plugins/woocommerce-gateway-alepay-checkout/Lib/Alepay.php on line 486
[07-Jun-2017 04:48:27 UTC] PHP Warning:  Invalid argument supplied for foreach() in /opt/lampp/htdocs/wordpressclgt/wp-content/plugins/woocommerce-gateway-alepay-checkout/woocommerce-gateway-alepay-checkout.php on line 184
[07-Jun-2017 04:48:59 UTC] PHP Notice:  Trying to get property of non-object in /opt/lampp/htdocs/wordpressclgt/wp-content/plugins/woocommerce-gateway-alepay-checkout/woocommerce-gateway-alepay-checkout.php on line 252
[07-Jun-2017 04:48:59 UTC] PHP Notice:  Undefined index:  in /opt/lampp/htdocs/wordpressclgt/wp-content/plugins/woocommerce-gateway-alepay-checkout/Lib/Alepay.php on line 486
[07-Jun-2017 04:48:59 UTC] PHP Warning:  Invalid argument supplied for foreach() in /opt/lampp/htdocs/wordpressclgt/wp-content/plugins/woocommerce-gateway-alepay-checkout/woocommerce-gateway-alepay-checkout.php on line 184
[07-Jun-2017 04:51:08 UTC] PHP Parse error:  syntax error, unexpected 'var' (T_VAR) in /opt/lampp/htdocs/wordpressclgt/wp-content/plugins/woocommerce-gateway-alepay-checkout/woocommerce-gateway-alepay-checkout.php on line 189
[07-Jun-2017 04:52:14 UTC] PHP Parse error:  syntax error, unexpected 'var' (T_VAR) in /opt/lampp/htdocs/wordpressclgt/wp-content/plugins/woocommerce-gateway-alepay-checkout/woocommerce-gateway-alepay-checkout.php on line 188
[07-Jun-2017 04:52:58 UTC] PHP Notice:  Trying to get property of non-object in /opt/lampp/htdocs/wordpressclgt/wp-content/plugins/woocommerce-gateway-alepay-checkout/woocommerce-gateway-alepay-checkout.php on line 261
[07-Jun-2017 04:52:58 UTC] PHP Notice:  Undefined index:  in /opt/lampp/htdocs/wordpressclgt/wp-content/plugins/woocommerce-gateway-alepay-checkout/Lib/Alepay.php on line 486
[07-Jun-2017 04:52:58 UTC] PHP Warning:  Invalid argument supplied for foreach() in /opt/lampp/htdocs/wordpressclgt/wp-content/plugins/woocommerce-gateway-alepay-checkout/woocommerce-gateway-alepay-checkout.php on line 184
[07-Jun-2017 04:53:52 UTC] PHP Warning:  Invalid argument supplied for foreach() in /opt/lampp/htdocs/wordpressclgt/wp-content/plugins/woocommerce-gateway-alepay-checkout/woocommerce-gateway-alepay-checkout.php on line 184
[07-Jun-2017 04:54:11 UTC] PHP Warning:  Invalid argument supplied for foreach() in /opt/lampp/htdocs/wordpressclgt/wp-content/plugins/woocommerce-gateway-alepay-checkout/woocommerce-gateway-alepay-checkout.php on line 184
[07-Jun-2017 06:21:41 UTC] WordPress database error Table 'wordpressclgt.woocommerce_payment_tokens' doesn't exist for query SHOW FULL COLUMNS FROM `woocommerce_payment_tokens` made by require('wp-blog-header.php'), require_once('wp-includes/template-loader.php'), do_action('template_redirect'), WP_Hook->do_action, WP_Hook->apply_filters, WC_AJAX::do_wc_ajax, do_action('wc_ajax_checkout'), WP_Hook->do_action, WP_Hook->apply_filters, WC_AJAX::checkout, WC_Checkout->process_checkout, WC_Checkout->process_order_payment, WC_Gateway_Alepay->process_payment
[07-Jun-2017 06:21:41 UTC] PHP Warning:  json_decode() expects parameter 1 to be string, object given in /opt/lampp/htdocs/wordpressclgt/wp-content/plugins/woocommerce-gateway-alepay-checkout/woocommerce-gateway-alepay-checkout.php on line 175
[07-Jun-2017 06:21:41 UTC] PHP Warning:  Invalid argument supplied for foreach() in /opt/lampp/htdocs/wordpressclgt/wp-content/plugins/woocommerce-gateway-alepay-checkout/woocommerce-gateway-alepay-checkout.php on line 176
[07-Jun-2017 06:22:56 UTC] WordPress database error Table 'wordpressclgt.woocommerce_payment_tokens' doesn't exist for query SHOW FULL COLUMNS FROM `woocommerce_payment_tokens` made by require('wp-blog-header.php'), require_once('wp-includes/template-loader.php'), do_action('template_redirect'), WP_Hook->do_action, WP_Hook->apply_filters, WC_AJAX::do_wc_ajax, do_action('wc_ajax_checkout'), WP_Hook->do_action, WP_Hook->apply_filters, WC_AJAX::checkout, WC_Checkout->process_checkout, WC_Checkout->process_order_payment, WC_Gateway_Alepay->process_payment
[07-Jun-2017 06:22:56 UTC] PHP Warning:  json_decode() expects parameter 1 to be string, object given in /opt/lampp/htdocs/wordpressclgt/wp-content/plugins/woocommerce-gateway-alepay-checkout/woocommerce-gateway-alepay-checkout.php on line 175
[07-Jun-2017 06:22:56 UTC] PHP Warning:  Invalid argument supplied for foreach() in /opt/lampp/htdocs/wordpressclgt/wp-content/plugins/woocommerce-gateway-alepay-checkout/woocommerce-gateway-alepay-checkout.php on line 176
[07-Jun-2017 06:31:40 UTC] WordPress database error Table 'wordpressclgt.woocommerce_payment_tokens' doesn't exist for query SHOW FULL COLUMNS FROM `woocommerce_payment_tokens` made by require('wp-blog-header.php'), require_once('wp-includes/template-loader.php'), do_action('template_redirect'), WP_Hook->do_action, WP_Hook->apply_filters, WC_AJAX::do_wc_ajax, do_action('wc_ajax_checkout'), WP_Hook->do_action, WP_Hook->apply_filters, WC_AJAX::checkout, WC_Checkout->process_checkout, WC_Checkout->process_order_payment, WC_Gateway_Alepay->process_payment
[07-Jun-2017 06:31:40 UTC] PHP Warning:  json_decode() expects parameter 1 to be string, object given in /opt/lampp/htdocs/wordpressclgt/wp-content/plugins/woocommerce-gateway-alepay-checkout/woocommerce-gateway-alepay-checkout.php on line 175
[07-Jun-2017 06:31:40 UTC] PHP Warning:  Invalid argument supplied for foreach() in /opt/lampp/htdocs/wordpressclgt/wp-content/plugins/woocommerce-gateway-alepay-checkout/woocommerce-gateway-alepay-checkout.php on line 176
[07-Jun-2017 07:44:53 UTC] PHP Parse error:  syntax error, unexpected 'function' (T_FUNCTION), expecting ',' or ';' in /opt/lampp/htdocs/wordpressclgt/wp-content/plugins/woocommerce-gateway-alepay-checkout/woocommerce-gateway-alepay-checkout.php on line 46
[07-Jun-2017 07:45:01 UTC] PHP Parse error:  syntax error, unexpected 'function' (T_FUNCTION), expecting ',' or ';' in /opt/lampp/htdocs/wordpressclgt/wp-content/plugins/woocommerce-gateway-alepay-checkout/woocommerce-gateway-alepay-checkout.php on line 46
[07-Jun-2017 07:45:49 UTC] PHP Notice:  Undefined index: env in /opt/lampp/htdocs/wordpressclgt/wp-content/plugins/woocommerce-gateway-alepay-checkout/woocommerce-gateway-alepay-checkout.php on line 64
[07-Jun-2017 07:45:57 UTC] PHP Notice:  Undefined index: env in /opt/lampp/htdocs/wordpressclgt/wp-content/plugins/woocommerce-gateway-alepay-checkout/woocommerce-gateway-alepay-checkout.php on line 64
[07-Jun-2017 07:46:01 UTC] PHP Notice:  Undefined index: env in /opt/lampp/htdocs/wordpressclgt/wp-content/plugins/woocommerce-gateway-alepay-checkout/woocommerce-gateway-alepay-checkout.php on line 64
[07-Jun-2017 07:51:11 UTC] PHP Notice:  Undefined index: env in /opt/lampp/htdocs/wordpressclgt/wp-content/plugins/woocommerce-gateway-alepay-checkout/woocommerce-gateway-alepay-checkout.php on line 64
[07-Jun-2017 07:51:42 UTC] PHP Notice:  Undefined index: env in /opt/lampp/htdocs/wordpressclgt/wp-content/plugins/woocommerce-gateway-alepay-checkout/woocommerce-gateway-alepay-checkout.php on line 64
[07-Jun-2017 07:51:53 UTC] PHP Notice:  Undefined index: env in /opt/lampp/htdocs/wordpressclgt/wp-content/plugins/woocommerce-gateway-alepay-checkout/woocommerce-gateway-alepay-checkout.php on line 64
[07-Jun-2017 07:53:15 UTC] PHP Notice:  Undefined index: env in /opt/lampp/htdocs/wordpressclgt/wp-content/plugins/woocommerce-gateway-alepay-checkout/woocommerce-gateway-alepay-checkout.php on line 64
[07-Jun-2017 07:53:26 UTC] PHP Notice:  Undefined index: env in /opt/lampp/htdocs/wordpressclgt/wp-content/plugins/woocommerce-gateway-alepay-checkout/woocommerce-gateway-alepay-checkout.php on line 64
[07-Jun-2017 07:55:20 UTC] WordPress database error Table 'wordpressclgt.woocommerce_payment_tokens' doesn't exist for query SHOW FULL COLUMNS FROM `woocommerce_payment_tokens` made by require('wp-blog-header.php'), require_once('wp-includes/template-loader.php'), do_action('template_redirect'), WP_Hook->do_action, WP_Hook->apply_filters, WC_AJAX::do_wc_ajax, do_action('wc_ajax_checkout'), WP_Hook->do_action, WP_Hook->apply_filters, WC_AJAX::checkout, WC_Checkout->process_checkout, WC_Checkout->process_order_payment, WC_Gateway_Alepay->process_payment
[07-Jun-2017 07:55:20 UTC] PHP Warning:  json_decode() expects parameter 1 to be string, object given in /opt/lampp/htdocs/wordpressclgt/wp-content/plugins/woocommerce-gateway-alepay-checkout/woocommerce-gateway-alepay-checkout.php on line 182
[07-Jun-2017 07:55:20 UTC] PHP Warning:  Invalid argument supplied for foreach() in /opt/lampp/htdocs/wordpressclgt/wp-content/plugins/woocommerce-gateway-alepay-checkout/woocommerce-gateway-alepay-checkout.php on line 183
[07-Jun-2017 07:59:59 UTC] WordPress database error Table 'wordpressclgt.woocommerce_payment_tokens' doesn't exist for query SHOW FULL COLUMNS FROM `woocommerce_payment_tokens` made by require('wp-blog-header.php'), require_once('wp-includes/template-loader.php'), do_action('template_redirect'), WP_Hook->do_action, WP_Hook->apply_filters, WC_AJAX::do_wc_ajax, do_action('wc_ajax_checkout'), WP_Hook->do_action, WP_Hook->apply_filters, WC_AJAX::checkout, WC_Checkout->process_checkout, WC_Checkout->process_order_payment, WC_Gateway_Alepay->process_payment
[07-Jun-2017 07:59:59 UTC] PHP Warning:  json_decode() expects parameter 1 to be string, object given in /opt/lampp/htdocs/wordpressclgt/wp-content/plugins/woocommerce-gateway-alepay-checkout/woocommerce-gateway-alepay-checkout.php on line 182
[07-Jun-2017 07:59:59 UTC] PHP Warning:  Invalid argument supplied for foreach() in /opt/lampp/htdocs/wordpressclgt/wp-content/plugins/woocommerce-gateway-alepay-checkout/woocommerce-gateway-alepay-checkout.php on line 183
[07-Jun-2017 08:34:42 UTC] PHP Warning:  var_dump() expects at least 1 parameter, 0 given in /opt/lampp/htdocs/wordpressclgt/wp-content/plugins/woocommerce-gateway-alepay-checkout/woocommerce-gateway-alepay-checkout.php on line 222
[07-Jun-2017 08:35:45 UTC] PHP Notice:  Undefined index:  in /opt/lampp/htdocs/wordpressclgt/wp-content/plugins/woocommerce-gateway-alepay-checkout/Lib/Alepay.php on line 239
[07-Jun-2017 08:35:46 UTC] PHP Notice:  Trying to get property of non-object in /opt/lampp/htdocs/wordpressclgt/wp-content/plugins/woocommerce-gateway-alepay-checkout/Lib/Alepay.php on line 241
[07-Jun-2017 08:35:47 UTC] PHP Warning:  Invalid argument supplied for foreach() in /opt/lampp/htdocs/wordpressclgt/wp-content/plugins/woocommerce-gateway-alepay-checkout/woocommerce-gateway-alepay-checkout.php on line 190
[07-Jun-2017 08:35:47 UTC] PHP Notice:  Trying to get property of non-object in /opt/lampp/htdocs/wordpressclgt/wp-content/plugins/woocommerce-gateway-alepay-checkout/woocommerce-gateway-alepay-checkout.php on line 205
[07-Jun-2017 08:36:55 UTC] PHP Notice:  Undefined index:  in /opt/lampp/htdocs/wordpressclgt/wp-content/plugins/woocommerce-gateway-alepay-checkout/Lib/Alepay.php on line 239
[07-Jun-2017 08:36:55 UTC] PHP Notice:  Trying to get property of non-object in /opt/lampp/htdocs/wordpressclgt/wp-content/plugins/woocommerce-gateway-alepay-checkout/Lib/Alepay.php on line 241
[07-Jun-2017 08:36:56 UTC] PHP Warning:  Invalid argument supplied for foreach() in /opt/lampp/htdocs/wordpressclgt/wp-content/plugins/woocommerce-gateway-alepay-checkout/woocommerce-gateway-alepay-checkout.php on line 190
[07-Jun-2017 08:36:56 UTC] PHP Notice:  Trying to get property of non-object in /opt/lampp/htdocs/wordpressclgt/wp-content/plugins/woocommerce-gateway-alepay-checkout/woocommerce-gateway-alepay-checkout.php on line 205
[07-Jun-2017 08:42:00 UTC] PHP Fatal error:  Uncaught ArgumentCountError: Too few arguments to function Alepay::__construct(), 1 passed in /opt/lampp/htdocs/wordpressclgt/wp-content/plugins/woocommerce-gateway-alepay-checkout/woocommerce-gateway-alepay-checkout.php on line 230 and exactly 2 expected in /opt/lampp/htdocs/wordpressclgt/wp-content/plugins/woocommerce-gateway-alepay-checkout/Lib/Alepay.php:34
Stack trace:
#0 /opt/lampp/htdocs/wordpressclgt/wp-content/plugins/woocommerce-gateway-alepay-checkout/woocommerce-gateway-alepay-checkout.php(230): Alepay->__construct(Array)
#1 /opt/lampp/htdocs/wordpressclgt/wp-content/plugins/woocommerce-gateway-alepay-checkout/woocommerce-gateway-alepay-checkout.php(175): WC_Gateway_Alepay->generate_Alepay_url(126)
#2 /opt/lampp/htdocs/wordpressclgt/wp-content/plugins/woocommerce/includes/class-wc-checkout.php(766): WC_Gateway_Alepay->process_payment(126)
#3 /opt/lampp/htdocs/wordpressclgt/wp-content/plugins/woocommerce/includes/class-wc-checkout.php(938): WC_Checkout->process_order_payment(126, 'alepay')
#4 /opt/ in /opt/lampp/htdocs/wordpressclgt/wp-content/plugins/woocommerce-gateway-alepay-checkout/Lib/Alepay.php on line 34
[07-Jun-2017 08:43:05 UTC] PHP Fatal error:  Uncaught ArgumentCountError: Too few arguments to function Alepay::__construct(), 1 passed in /opt/lampp/htdocs/wordpressclgt/wp-content/plugins/woocommerce-gateway-alepay-checkout/woocommerce-gateway-alepay-checkout.php on line 231 and exactly 2 expected in /opt/lampp/htdocs/wordpressclgt/wp-content/plugins/woocommerce-gateway-alepay-checkout/Lib/Alepay.php:34
Stack trace:
#0 /opt/lampp/htdocs/wordpressclgt/wp-content/plugins/woocommerce-gateway-alepay-checkout/woocommerce-gateway-alepay-checkout.php(231): Alepay->__construct(Array)
#1 /opt/lampp/htdocs/wordpressclgt/wp-content/plugins/woocommerce-gateway-alepay-checkout/woocommerce-gateway-alepay-checkout.php(175): WC_Gateway_Alepay->generate_Alepay_url(126)
#2 /opt/lampp/htdocs/wordpressclgt/wp-content/plugins/woocommerce/includes/class-wc-checkout.php(766): WC_Gateway_Alepay->process_payment(126)
#3 /opt/lampp/htdocs/wordpressclgt/wp-content/plugins/woocommerce/includes/class-wc-checkout.php(938): WC_Checkout->process_order_payment(126, 'alepay')
#4 /opt/ in /opt/lampp/htdocs/wordpressclgt/wp-content/plugins/woocommerce-gateway-alepay-checkout/Lib/Alepay.php on line 34
[07-Jun-2017 08:45:59 UTC] PHP Fatal error:  Uncaught ArgumentCountError: Too few arguments to function Alepay::__construct(), 1 passed in /opt/lampp/htdocs/wordpressclgt/wp-content/plugins/woocommerce-gateway-alepay-checkout/woocommerce-gateway-alepay-checkout.php on line 232 and exactly 2 expected in /opt/lampp/htdocs/wordpressclgt/wp-content/plugins/woocommerce-gateway-alepay-checkout/Lib/Alepay.php:34
Stack trace:
#0 /opt/lampp/htdocs/wordpressclgt/wp-content/plugins/woocommerce-gateway-alepay-checkout/woocommerce-gateway-alepay-checkout.php(232): Alepay->__construct(Array)
#1 /opt/lampp/htdocs/wordpressclgt/wp-content/plugins/woocommerce-gateway-alepay-checkout/woocommerce-gateway-alepay-checkout.php(175): WC_Gateway_Alepay->generate_Alepay_url(126)
#2 /opt/lampp/htdocs/wordpressclgt/wp-content/plugins/woocommerce/includes/class-wc-checkout.php(766): WC_Gateway_Alepay->process_payment(126)
#3 /opt/lampp/htdocs/wordpressclgt/wp-content/plugins/woocommerce/includes/class-wc-checkout.php(938): WC_Checkout->process_order_payment(126, 'alepay')
#4 /opt/ in /opt/lampp/htdocs/wordpressclgt/wp-content/plugins/woocommerce-gateway-alepay-checkout/Lib/Alepay.php on line 34
[07-Jun-2017 08:47:29 UTC] PHP Fatal error:  Uncaught ArgumentCountError: Too few arguments to function Alepay::__construct(), 1 passed in /opt/lampp/htdocs/wordpressclgt/wp-content/plugins/woocommerce-gateway-alepay-checkout/woocommerce-gateway-alepay-checkout.php on line 232 and exactly 2 expected in /opt/lampp/htdocs/wordpressclgt/wp-content/plugins/woocommerce-gateway-alepay-checkout/Lib/Alepay.php:34
Stack trace:
#0 /opt/lampp/htdocs/wordpressclgt/wp-content/plugins/woocommerce-gateway-alepay-checkout/woocommerce-gateway-alepay-checkout.php(232): Alepay->__construct(Array)
#1 /opt/lampp/htdocs/wordpressclgt/wp-content/plugins/woocommerce-gateway-alepay-checkout/woocommerce-gateway-alepay-checkout.php(175): WC_Gateway_Alepay->generate_Alepay_url(126)
#2 /opt/lampp/htdocs/wordpressclgt/wp-content/plugins/woocommerce/includes/class-wc-checkout.php(766): WC_Gateway_Alepay->process_payment(126)
#3 /opt/lampp/htdocs/wordpressclgt/wp-content/plugins/woocommerce/includes/class-wc-checkout.php(938): WC_Checkout->process_order_payment(126, 'alepay')
#4 /opt/ in /opt/lampp/htdocs/wordpressclgt/wp-content/plugins/woocommerce-gateway-alepay-checkout/Lib/Alepay.php on line 34
[07-Jun-2017 08:48:27 UTC] PHP Fatal error:  Uncaught ArgumentCountError: Too few arguments to function Alepay::__construct(), 1 passed in /opt/lampp/htdocs/wordpressclgt/wp-content/plugins/woocommerce-gateway-alepay-checkout/woocommerce-gateway-alepay-checkout.php on line 232 and exactly 2 expected in /opt/lampp/htdocs/wordpressclgt/wp-content/plugins/woocommerce-gateway-alepay-checkout/Lib/Alepay.php:34
Stack trace:
#0 /opt/lampp/htdocs/wordpressclgt/wp-content/plugins/woocommerce-gateway-alepay-checkout/woocommerce-gateway-alepay-checkout.php(232): Alepay->__construct(Array)
#1 /opt/lampp/htdocs/wordpressclgt/wp-content/plugins/woocommerce-gateway-alepay-checkout/woocommerce-gateway-alepay-checkout.php(175): WC_Gateway_Alepay->generate_Alepay_url(126)
#2 /opt/lampp/htdocs/wordpressclgt/wp-content/plugins/woocommerce/includes/class-wc-checkout.php(766): WC_Gateway_Alepay->process_payment(126)
#3 /opt/lampp/htdocs/wordpressclgt/wp-content/plugins/woocommerce/includes/class-wc-checkout.php(938): WC_Checkout->process_order_payment(126, 'alepay')
#4 /opt/ in /opt/lampp/htdocs/wordpressclgt/wp-content/plugins/woocommerce-gateway-alepay-checkout/Lib/Alepay.php on line 34
[07-Jun-2017 08:50:39 UTC] PHP Fatal error:  Uncaught ArgumentCountError: Too few arguments to function Alepay::__construct(), 1 passed in /opt/lampp/htdocs/wordpressclgt/wp-content/plugins/woocommerce-gateway-alepay-checkout/woocommerce-gateway-alepay-checkout.php on line 232 and exactly 2 expected in /opt/lampp/htdocs/wordpressclgt/wp-content/plugins/woocommerce-gateway-alepay-checkout/Lib/Alepay.php:34
Stack trace:
#0 /opt/lampp/htdocs/wordpressclgt/wp-content/plugins/woocommerce-gateway-alepay-checkout/woocommerce-gateway-alepay-checkout.php(232): Alepay->__construct(Array)
#1 /opt/lampp/htdocs/wordpressclgt/wp-content/plugins/woocommerce-gateway-alepay-checkout/woocommerce-gateway-alepay-checkout.php(175): WC_Gateway_Alepay->generate_Alepay_url(126)
#2 /opt/lampp/htdocs/wordpressclgt/wp-content/plugins/woocommerce/includes/class-wc-checkout.php(766): WC_Gateway_Alepay->process_payment(126)
#3 /opt/lampp/htdocs/wordpressclgt/wp-content/plugins/woocommerce/includes/class-wc-checkout.php(938): WC_Checkout->process_order_payment(126, 'alepay')
#4 /opt/ in /opt/lampp/htdocs/wordpressclgt/wp-content/plugins/woocommerce-gateway-alepay-checkout/Lib/Alepay.php on line 34
[07-Jun-2017 08:51:34 UTC] PHP Fatal error:  Uncaught ArgumentCountError: Too few arguments to function Alepay::__construct(), 1 passed in /opt/lampp/htdocs/wordpressclgt/wp-content/plugins/woocommerce-gateway-alepay-checkout/woocommerce-gateway-alepay-checkout.php on line 231 and exactly 2 expected in /opt/lampp/htdocs/wordpressclgt/wp-content/plugins/woocommerce-gateway-alepay-checkout/Lib/Alepay.php:34
Stack trace:
#0 /opt/lampp/htdocs/wordpressclgt/wp-content/plugins/woocommerce-gateway-alepay-checkout/woocommerce-gateway-alepay-checkout.php(231): Alepay->__construct(Array)
#1 /opt/lampp/htdocs/wordpressclgt/wp-content/plugins/woocommerce-gateway-alepay-checkout/woocommerce-gateway-alepay-checkout.php(175): WC_Gateway_Alepay->generate_Alepay_url(126)
#2 /opt/lampp/htdocs/wordpressclgt/wp-content/plugins/woocommerce/includes/class-wc-checkout.php(766): WC_Gateway_Alepay->process_payment(126)
#3 /opt/lampp/htdocs/wordpressclgt/wp-content/plugins/woocommerce/includes/class-wc-checkout.php(938): WC_Checkout->process_order_payment(126, 'alepay')
#4 /opt/ in /opt/lampp/htdocs/wordpressclgt/wp-content/plugins/woocommerce-gateway-alepay-checkout/Lib/Alepay.php on line 34
[07-Jun-2017 08:52:06 UTC] WordPress database error Table 'wordpressclgt.woocommerce_payment_tokens' doesn't exist for query SHOW FULL COLUMNS FROM `woocommerce_payment_tokens` made by require('wp-blog-header.php'), require_once('wp-includes/template-loader.php'), do_action('template_redirect'), WP_Hook->do_action, WP_Hook->apply_filters, WC_AJAX::do_wc_ajax, do_action('wc_ajax_checkout'), WP_Hook->do_action, WP_Hook->apply_filters, WC_AJAX::checkout, WC_Checkout->process_checkout, WC_Checkout->process_order_payment, WC_Gateway_Alepay->process_payment
[07-Jun-2017 08:52:06 UTC] PHP Warning:  json_decode() expects parameter 1 to be string, object given in /opt/lampp/htdocs/wordpressclgt/wp-content/plugins/woocommerce-gateway-alepay-checkout/woocommerce-gateway-alepay-checkout.php on line 189
[07-Jun-2017 08:52:06 UTC] PHP Warning:  Invalid argument supplied for foreach() in /opt/lampp/htdocs/wordpressclgt/wp-content/plugins/woocommerce-gateway-alepay-checkout/woocommerce-gateway-alepay-checkout.php on line 190
[07-Jun-2017 08:54:11 UTC] PHP Fatal error:  Uncaught ArgumentCountError: Too few arguments to function Alepay::__construct(), 1 passed in /opt/lampp/htdocs/wordpressclgt/wp-content/plugins/woocommerce-gateway-alepay-checkout/woocommerce-gateway-alepay-checkout.php on line 232 and exactly 2 expected in /opt/lampp/htdocs/wordpressclgt/wp-content/plugins/woocommerce-gateway-alepay-checkout/Lib/Alepay.php:34
Stack trace:
#0 /opt/lampp/htdocs/wordpressclgt/wp-content/plugins/woocommerce-gateway-alepay-checkout/woocommerce-gateway-alepay-checkout.php(232): Alepay->__construct(Array)
#1 /opt/lampp/htdocs/wordpressclgt/wp-content/plugins/woocommerce-gateway-alepay-checkout/woocommerce-gateway-alepay-checkout.php(175): WC_Gateway_Alepay->generate_Alepay_url(127)
#2 /opt/lampp/htdocs/wordpressclgt/wp-content/plugins/woocommerce/includes/class-wc-checkout.php(766): WC_Gateway_Alepay->process_payment(127)
#3 /opt/lampp/htdocs/wordpressclgt/wp-content/plugins/woocommerce/includes/class-wc-checkout.php(938): WC_Checkout->process_order_payment(127, 'alepay')
#4 /opt/ in /opt/lampp/htdocs/wordpressclgt/wp-content/plugins/woocommerce-gateway-alepay-checkout/Lib/Alepay.php on line 34
[07-Jun-2017 09:02:03 UTC] PHP Fatal error:  Uncaught ArgumentCountError: Too few arguments to function Alepay::__construct(), 1 passed in /opt/lampp/htdocs/wordpressclgt/wp-content/plugins/woocommerce-gateway-alepay-checkout/woocommerce-gateway-alepay-checkout.php on line 232 and exactly 2 expected in /opt/lampp/htdocs/wordpressclgt/wp-content/plugins/woocommerce-gateway-alepay-checkout/Lib/Alepay.php:34
Stack trace:
#0 /opt/lampp/htdocs/wordpressclgt/wp-content/plugins/woocommerce-gateway-alepay-checkout/woocommerce-gateway-alepay-checkout.php(232): Alepay->__construct(Array)
#1 /opt/lampp/htdocs/wordpressclgt/wp-content/plugins/woocommerce-gateway-alepay-checkout/woocommerce-gateway-alepay-checkout.php(175): WC_Gateway_Alepay->generate_Alepay_url(127)
#2 /opt/lampp/htdocs/wordpressclgt/wp-content/plugins/woocommerce/includes/class-wc-checkout.php(766): WC_Gateway_Alepay->process_payment(127)
#3 /opt/lampp/htdocs/wordpressclgt/wp-content/plugins/woocommerce/includes/class-wc-checkout.php(938): WC_Checkout->process_order_payment(127, 'alepay')
#4 /opt/ in /opt/lampp/htdocs/wordpressclgt/wp-content/plugins/woocommerce-gateway-alepay-checkout/Lib/Alepay.php on line 34
[07-Jun-2017 09:03:27 UTC] PHP Fatal error:  Uncaught ArgumentCountError: Too few arguments to function Alepay::__construct(), 1 passed in /opt/lampp/htdocs/wordpressclgt/wp-content/plugins/woocommerce-gateway-alepay-checkout/woocommerce-gateway-alepay-checkout.php on line 232 and exactly 2 expected in /opt/lampp/htdocs/wordpressclgt/wp-content/plugins/woocommerce-gateway-alepay-checkout/Lib/Alepay.php:34
Stack trace:
#0 /opt/lampp/htdocs/wordpressclgt/wp-content/plugins/woocommerce-gateway-alepay-checkout/woocommerce-gateway-alepay-checkout.php(232): Alepay->__construct(Array)
#1 /opt/lampp/htdocs/wordpressclgt/wp-content/plugins/woocommerce-gateway-alepay-checkout/woocommerce-gateway-alepay-checkout.php(175): WC_Gateway_Alepay->generate_Alepay_url(127)
#2 /opt/lampp/htdocs/wordpressclgt/wp-content/plugins/woocommerce/includes/class-wc-checkout.php(766): WC_Gateway_Alepay->process_payment(127)
#3 /opt/lampp/htdocs/wordpressclgt/wp-content/plugins/woocommerce/includes/class-wc-checkout.php(938): WC_Checkout->process_order_payment(127, 'alepay')
#4 /opt/ in /opt/lampp/htdocs/wordpressclgt/wp-content/plugins/woocommerce-gateway-alepay-checkout/Lib/Alepay.php on line 34
[07-Jun-2017 09:15:37 UTC] WordPress database error Table 'wordpressclgt.woocommerce_payment_tokens' doesn't exist for query SHOW FULL COLUMNS FROM `woocommerce_payment_tokens` made by require('wp-blog-header.php'), require_once('wp-includes/template-loader.php'), do_action('template_redirect'), WP_Hook->do_action, WP_Hook->apply_filters, WC_AJAX::do_wc_ajax, do_action('wc_ajax_checkout'), WP_Hook->do_action, WP_Hook->apply_filters, WC_AJAX::checkout, WC_Checkout->process_checkout, WC_Checkout->process_order_payment, WC_Gateway_Alepay->process_payment
[07-Jun-2017 09:15:37 UTC] PHP Warning:  json_decode() expects parameter 1 to be string, object given in /opt/lampp/htdocs/wordpressclgt/wp-content/plugins/woocommerce-gateway-alepay-checkout/woocommerce-gateway-alepay-checkout.php on line 189
[07-Jun-2017 09:15:37 UTC] PHP Warning:  Invalid argument supplied for foreach() in /opt/lampp/htdocs/wordpressclgt/wp-content/plugins/woocommerce-gateway-alepay-checkout/woocommerce-gateway-alepay-checkout.php on line 190
[07-Jun-2017 09:42:27 UTC] WordPress database error Table 'wordpressclgt.woocommerce_payment_tokens' doesn't exist for query SHOW FULL COLUMNS FROM `woocommerce_payment_tokens` made by require('wp-blog-header.php'), require_once('wp-includes/template-loader.php'), do_action('template_redirect'), WP_Hook->do_action, WP_Hook->apply_filters, WC_AJAX::do_wc_ajax, do_action('wc_ajax_checkout'), WP_Hook->do_action, WP_Hook->apply_filters, WC_AJAX::checkout, WC_Checkout->process_checkout, WC_Checkout->process_order_payment, WC_Gateway_Alepay->process_payment
[07-Jun-2017 09:42:27 UTC] PHP Warning:  json_decode() expects parameter 1 to be string, object given in /opt/lampp/htdocs/wordpressclgt/wp-content/plugins/woocommerce-gateway-alepay-checkout/woocommerce-gateway-alepay-checkout.php on line 192
[07-Jun-2017 09:42:27 UTC] PHP Warning:  Invalid argument supplied for foreach() in /opt/lampp/htdocs/wordpressclgt/wp-content/plugins/woocommerce-gateway-alepay-checkout/woocommerce-gateway-alepay-checkout.php on line 193
[07-Jun-2017 09:43:18 UTC] PHP Notice:  Decryption error in /opt/lampp/htdocs/wordpressclgt/wp-content/plugins/woocommerce-gateway-alepay-checkout/Lib/Crypt/RSA.php on line 2628
[07-Jun-2017 09:43:18 UTC] PHP Notice:  Trying to get property of non-object in /opt/lampp/htdocs/wordpressclgt/wp-content/plugins/woocommerce-gateway-alepay-checkout/woocommerce-gateway-alepay-checkout.php on line 329
[07-Jun-2017 09:44:54 UTC] PHP Notice:  Decryption error in /opt/lampp/htdocs/wordpressclgt/wp-content/plugins/woocommerce-gateway-alepay-checkout/Lib/Crypt/RSA.php on line 2628
[07-Jun-2017 09:44:54 UTC] PHP Notice:  Trying to get property of non-object in /opt/lampp/htdocs/wordpressclgt/wp-content/plugins/woocommerce-gateway-alepay-checkout/woocommerce-gateway-alepay-checkout.php on line 329
[07-Jun-2017 09:44:55 UTC] PHP Notice:  Decryption error in /opt/lampp/htdocs/wordpressclgt/wp-content/plugins/woocommerce-gateway-alepay-checkout/Lib/Crypt/RSA.php on line 2628
[07-Jun-2017 09:44:55 UTC] PHP Notice:  Trying to get property of non-object in /opt/lampp/htdocs/wordpressclgt/wp-content/plugins/woocommerce-gateway-alepay-checkout/woocommerce-gateway-alepay-checkout.php on line 329
[07-Jun-2017 09:45:37 UTC] PHP Notice:  Decryption error in /opt/lampp/htdocs/wordpressclgt/wp-content/plugins/woocommerce-gateway-alepay-checkout/Lib/Crypt/RSA.php on line 2628
[07-Jun-2017 09:45:38 UTC] PHP Notice:  Decryption error in /opt/lampp/htdocs/wordpressclgt/wp-content/plugins/woocommerce-gateway-alepay-checkout/Lib/Crypt/RSA.php on line 2628
[07-Jun-2017 09:45:51 UTC] PHP Notice:  Decryption error in /opt/lampp/htdocs/wordpressclgt/wp-content/plugins/woocommerce-gateway-alepay-checkout/Lib/Crypt/RSA.php on line 2628
[07-Jun-2017 09:48:02 UTC] PHP Parse error:  syntax error, unexpected '}', expecting '(' in /opt/lampp/htdocs/wordpressclgt/wp-content/plugins/woocommerce-gateway-alepay-checkout/Lib/Utils/AlepayUtils.php on line 38
[07-Jun-2017 10:45:09 UTC] WordPress database error Table 'wordpressclgt.woocommerce_payment_tokens' doesn't exist for query SHOW FULL COLUMNS FROM `woocommerce_payment_tokens` made by require('wp-blog-header.php'), require_once('wp-includes/template-loader.php'), do_action('template_redirect'), WP_Hook->do_action, WP_Hook->apply_filters, WC_AJAX::do_wc_ajax, do_action('wc_ajax_checkout'), WP_Hook->do_action, WP_Hook->apply_filters, WC_AJAX::checkout, WC_Checkout->process_checkout, WC_Checkout->process_order_payment, WC_Gateway_Alepay->process_payment
[07-Jun-2017 10:45:09 UTC] PHP Warning:  json_decode() expects parameter 1 to be string, object given in /opt/lampp/htdocs/wordpressclgt/wp-content/plugins/woocommerce-gateway-alepay-checkout/woocommerce-gateway-alepay-checkout.php on line 179
[07-Jun-2017 10:45:09 UTC] PHP Warning:  Invalid argument supplied for foreach() in /opt/lampp/htdocs/wordpressclgt/wp-content/plugins/woocommerce-gateway-alepay-checkout/woocommerce-gateway-alepay-checkout.php on line 180
[07-Jun-2017 10:45:50 UTC] PHP Notice:  Use of undefined constant ENCRYPTKEY_TEST - assumed 'ENCRYPTKEY_TEST' in /opt/lampp/htdocs/wordpressclgt/wp-content/plugins/woocommerce-gateway-alepay-checkout/woocommerce-gateway-alepay-checkout.php on line 311
[07-Jun-2017 10:45:50 UTC] PHP Notice:  Trying to get property of non-object in /opt/lampp/htdocs/wordpressclgt/wp-content/plugins/woocommerce-gateway-alepay-checkout/woocommerce-gateway-alepay-checkout.php on line 314
[07-Jun-2017 10:45:52 UTC] PHP Notice:  Use of undefined constant ENCRYPTKEY_TEST - assumed 'ENCRYPTKEY_TEST' in /opt/lampp/htdocs/wordpressclgt/wp-content/plugins/woocommerce-gateway-alepay-checkout/woocommerce-gateway-alepay-checkout.php on line 311
[07-Jun-2017 10:45:52 UTC] PHP Notice:  Trying to get property of non-object in /opt/lampp/htdocs/wordpressclgt/wp-content/plugins/woocommerce-gateway-alepay-checkout/woocommerce-gateway-alepay-checkout.php on line 314
[07-Jun-2017 10:47:03 UTC] WordPress database error Table 'wordpressclgt.woocommerce_payment_tokens' doesn't exist for query SHOW FULL COLUMNS FROM `woocommerce_payment_tokens` made by require('wp-blog-header.php'), require_once('wp-includes/template-loader.php'), do_action('template_redirect'), WP_Hook->do_action, WP_Hook->apply_filters, WC_AJAX::do_wc_ajax, do_action('wc_ajax_checkout'), WP_Hook->do_action, WP_Hook->apply_filters, WC_AJAX::checkout, WC_Checkout->process_checkout, WC_Checkout->process_order_payment, WC_Gateway_Alepay->process_payment
[07-Jun-2017 10:47:03 UTC] PHP Warning:  json_decode() expects parameter 1 to be string, object given in /opt/lampp/htdocs/wordpressclgt/wp-content/plugins/woocommerce-gateway-alepay-checkout/woocommerce-gateway-alepay-checkout.php on line 179
[07-Jun-2017 10:47:03 UTC] PHP Warning:  Invalid argument supplied for foreach() in /opt/lampp/htdocs/wordpressclgt/wp-content/plugins/woocommerce-gateway-alepay-checkout/woocommerce-gateway-alepay-checkout.php on line 180
[07-Jun-2017 10:48:38 UTC] WordPress database error Table 'wordpressclgt.woocommerce_payment_tokens' doesn't exist for query SHOW FULL COLUMNS FROM `woocommerce_payment_tokens` made by require('wp-blog-header.php'), require_once('wp-includes/template-loader.php'), do_action('template_redirect'), WP_Hook->do_action, WP_Hook->apply_filters, WC_AJAX::do_wc_ajax, do_action('wc_ajax_checkout'), WP_Hook->do_action, WP_Hook->apply_filters, WC_AJAX::checkout, WC_Checkout->process_checkout, WC_Checkout->process_order_payment, WC_Gateway_Alepay->process_payment
[07-Jun-2017 10:48:38 UTC] PHP Warning:  json_decode() expects parameter 1 to be string, object given in /opt/lampp/htdocs/wordpressclgt/wp-content/plugins/woocommerce-gateway-alepay-checkout/woocommerce-gateway-alepay-checkout.php on line 179
[07-Jun-2017 10:48:38 UTC] PHP Warning:  Invalid argument supplied for foreach() in /opt/lampp/htdocs/wordpressclgt/wp-content/plugins/woocommerce-gateway-alepay-checkout/woocommerce-gateway-alepay-checkout.php on line 180
[08-Jun-2017 03:16:24 UTC] PHP Notice:  Undefined offset: 1 in /opt/lampp/htdocs/wordpressclgt/wp-admin/includes/dashboard.php on line 1227
[08-Jun-2017 03:16:25 UTC] PHP Notice:  Undefined offset: 1 in /opt/lampp/htdocs/wordpressclgt/wp-admin/includes/dashboard.php on line 1227
[08-Jun-2017 03:22:16 UTC] WordPress database error Table 'wordpressclgt.woocommerce_payment_tokens' doesn't exist for query SHOW FULL COLUMNS FROM `woocommerce_payment_tokens` made by require('wp-blog-header.php'), require_once('wp-includes/template-loader.php'), do_action('template_redirect'), WP_Hook->do_action, WP_Hook->apply_filters, WC_AJAX::do_wc_ajax, do_action('wc_ajax_checkout'), WP_Hook->do_action, WP_Hook->apply_filters, WC_AJAX::checkout, WC_Checkout->process_checkout, WC_Checkout->process_order_payment, WC_Gateway_Alepay->process_payment
[08-Jun-2017 03:22:16 UTC] PHP Warning:  json_decode() expects parameter 1 to be string, object given in /opt/lampp/htdocs/wordpressclgt/wp-content/plugins/woocommerce-gateway-alepay-checkout/woocommerce-gateway-alepay-checkout.php on line 179
[08-Jun-2017 03:22:16 UTC] PHP Warning:  Invalid argument supplied for foreach() in /opt/lampp/htdocs/wordpressclgt/wp-content/plugins/woocommerce-gateway-alepay-checkout/woocommerce-gateway-alepay-checkout.php on line 180
[08-Jun-2017 03:32:44 UTC] PHP Fatal error:  Uncaught Error: Using $this when not in object context in /opt/lampp/htdocs/wordpressclgt/wp-content/plugins/woocommerce-gateway-alepay-checkout/woocommerce-gateway-alepay-checkout.php:322
Stack trace:
#0 /opt/lampp/htdocs/wordpressclgt/wp-includes/class-wp-hook.php(298): WC_Gateway_Alepay::alepay_return_handler(Object(WP))
#1 /opt/lampp/htdocs/wordpressclgt/wp-includes/class-wp-hook.php(323): WP_Hook->apply_filters(NULL, Array)
#2 /opt/lampp/htdocs/wordpressclgt/wp-includes/plugin.php(515): WP_Hook->do_action(Array)
#3 /opt/lampp/htdocs/wordpressclgt/wp-includes/class-wp.php(386): do_action_ref_array('parse_request', Array)
#4 /opt/lampp/htdocs/wordpressclgt/wp-includes/class-wp.php(733): WP->parse_request('')
#5 /opt/lampp/htdocs/wordpressclgt/wp-includes/functions.php(955): WP->main('')
#6 /opt/lampp/htdocs/wordpressclgt/wp-blog-header.php(16): wp()
#7 /opt/lampp/htdocs/wordpressclgt/index.php(17): require('/opt/lampp/htdo...')
#8 {main}
  thrown in /opt/lampp/htdocs/wordpressclgt/wp-content/plugins/woocommerce-gateway-alepay-checkout/woocommerce-gateway-alepay-checkout.php on line 322
[08-Jun-2017 03:34:20 UTC] PHP Fatal error:  Uncaught Error: Using $this when not in object context in /opt/lampp/htdocs/wordpressclgt/wp-content/plugins/woocommerce-gateway-alepay-checkout/woocommerce-gateway-alepay-checkout.php:322
Stack trace:
#0 /opt/lampp/htdocs/wordpressclgt/wp-includes/class-wp-hook.php(298): WC_Gateway_Alepay::alepay_return_handler(Object(WP))
#1 /opt/lampp/htdocs/wordpressclgt/wp-includes/class-wp-hook.php(323): WP_Hook->apply_filters(NULL, Array)
#2 /opt/lampp/htdocs/wordpressclgt/wp-includes/plugin.php(515): WP_Hook->do_action(Array)
#3 /opt/lampp/htdocs/wordpressclgt/wp-includes/class-wp.php(386): do_action_ref_array('parse_request', Array)
#4 /opt/lampp/htdocs/wordpressclgt/wp-includes/class-wp.php(733): WP->parse_request('')
#5 /opt/lampp/htdocs/wordpressclgt/wp-includes/functions.php(955): WP->main('')
#6 /opt/lampp/htdocs/wordpressclgt/wp-blog-header.php(16): wp()
#7 /opt/lampp/htdocs/wordpressclgt/index.php(17): require('/opt/lampp/htdo...')
#8 {main}
  thrown in /opt/lampp/htdocs/wordpressclgt/wp-content/plugins/woocommerce-gateway-alepay-checkout/woocommerce-gateway-alepay-checkout.php on line 322
[08-Jun-2017 03:39:46 UTC] PHP Warning:  Illegal string offset 'billing' in /opt/lampp/htdocs/wordpressclgt/wp-content/plugins/woocommerce-gateway-alepay-checkout/woocommerce-gateway-alepay-checkout.php on line 23
[08-Jun-2017 03:39:46 UTC] PHP Fatal error:  Uncaught Error: Cannot use string offset as an array in /opt/lampp/htdocs/wordpressclgt/wp-content/plugins/woocommerce-gateway-alepay-checkout/woocommerce-gateway-alepay-checkout.php:23
Stack trace:
#0 /opt/lampp/htdocs/wordpressclgt/wp-content/plugins/woocommerce-gateway-alepay-checkout/woocommerce-gateway-alepay-checkout.php(322): custom_override_checkout_fields('what')
#1 /opt/lampp/htdocs/wordpressclgt/wp-includes/class-wp-hook.php(298): WC_Gateway_Alepay::alepay_return_handler(Object(WP))
#2 /opt/lampp/htdocs/wordpressclgt/wp-includes/class-wp-hook.php(323): WP_Hook->apply_filters(NULL, Array)
#3 /opt/lampp/htdocs/wordpressclgt/wp-includes/plugin.php(515): WP_Hook->do_action(Array)
#4 /opt/lampp/htdocs/wordpressclgt/wp-includes/class-wp.php(386): do_action_ref_array('parse_request', Array)
#5 /opt/lampp/htdocs/wordpressclgt/wp-includes/class-wp.php(733): WP->parse_request('')
#6 /opt/lampp/htdocs/wordpressclgt/wp-includes/functions.php(955): WP->main('')
#7 /opt/lampp/htdocs/wordpressclgt/wp-blog-header. in /opt/lampp/htdocs/wordpressclgt/wp-content/plugins/woocommerce-gateway-alepay-checkout/woocommerce-gateway-alepay-checkout.php on line 23
[08-Jun-2017 03:40:15 UTC] PHP Warning:  Illegal string offset 'billing' in /opt/lampp/htdocs/wordpressclgt/wp-content/plugins/woocommerce-gateway-alepay-checkout/woocommerce-gateway-alepay-checkout.php on line 23
[08-Jun-2017 03:40:15 UTC] PHP Fatal error:  Uncaught Error: Cannot use string offset as an array in /opt/lampp/htdocs/wordpressclgt/wp-content/plugins/woocommerce-gateway-alepay-checkout/woocommerce-gateway-alepay-checkout.php:23
Stack trace:
#0 /opt/lampp/htdocs/wordpressclgt/wp-content/plugins/woocommerce-gateway-alepay-checkout/woocommerce-gateway-alepay-checkout.php(321): custom_override_checkout_fields('transactionCode')
#1 /opt/lampp/htdocs/wordpressclgt/wp-includes/class-wp-hook.php(298): WC_Gateway_Alepay::alepay_return_handler(Object(WP))
#2 /opt/lampp/htdocs/wordpressclgt/wp-includes/class-wp-hook.php(323): WP_Hook->apply_filters(NULL, Array)
#3 /opt/lampp/htdocs/wordpressclgt/wp-includes/plugin.php(515): WP_Hook->do_action(Array)
#4 /opt/lampp/htdocs/wordpressclgt/wp-includes/class-wp.php(386): do_action_ref_array('parse_request', Array)
#5 /opt/lampp/htdocs/wordpressclgt/wp-includes/class-wp.php(733): WP->parse_request('')
#6 /opt/lampp/htdocs/wordpressclgt/wp-includes/functions.php(955): WP->main('')
#7 /opt/lampp/htdocs/wordpressclgt/wp-b in /opt/lampp/htdocs/wordpressclgt/wp-content/plugins/woocommerce-gateway-alepay-checkout/woocommerce-gateway-alepay-checkout.php on line 23
[08-Jun-2017 04:05:11 UTC] PHP Parse error:  syntax error, unexpected '}' in /opt/lampp/htdocs/wordpressclgt/wp-content/plugins/woocommerce-gateway-alepay-checkout/woocommerce-gateway-alepay-checkout.php on line 350
[08-Jun-2017 08:20:15 UTC] PHP Fatal error:  Uncaught Error: Using $this when not in object context in /opt/lampp/htdocs/wordpressclgt/wp-content/plugins/woocommerce-gateway-alepay-checkout/woocommerce-gateway-alepay-checkout.php:325
Stack trace:
#0 /opt/lampp/htdocs/wordpressclgt/wp-includes/class-wp-hook.php(298): WC_Gateway_Alepay::alepay_return_handler(Object(WP))
#1 /opt/lampp/htdocs/wordpressclgt/wp-includes/class-wp-hook.php(323): WP_Hook->apply_filters(NULL, Array)
#2 /opt/lampp/htdocs/wordpressclgt/wp-includes/plugin.php(515): WP_Hook->do_action(Array)
#3 /opt/lampp/htdocs/wordpressclgt/wp-includes/class-wp.php(386): do_action_ref_array('parse_request', Array)
#4 /opt/lampp/htdocs/wordpressclgt/wp-includes/class-wp.php(733): WP->parse_request('')
#5 /opt/lampp/htdocs/wordpressclgt/wp-includes/functions.php(955): WP->main('')
#6 /opt/lampp/htdocs/wordpressclgt/wp-blog-header.php(16): wp()
#7 /opt/lampp/htdocs/wordpressclgt/index.php(17): require('/opt/lampp/htdo...')
#8 {main}
  thrown in /opt/lampp/htdocs/wordpressclgt/wp-content/plugins/woocommerce-gateway-alepay-checkout/woocommerce-gateway-alepay-checkout.php on line 325
[08-Jun-2017 08:44:37 UTC] PHP Notice:  Trying to get property of non-object in /opt/lampp/htdocs/wordpressclgt/wp-content/plugins/woocommerce-gateway-alepay-checkout/Lib/Alepay.php on line 262
[08-Jun-2017 08:44:37 UTC] PHP Warning:  Invalid argument supplied for foreach() in /opt/lampp/htdocs/wordpressclgt/wp-content/plugins/woocommerce-gateway-alepay-checkout/woocommerce-gateway-alepay-checkout.php on line 321
[08-Jun-2017 08:44:47 UTC] PHP Notice:  Trying to get property of non-object in /opt/lampp/htdocs/wordpressclgt/wp-content/plugins/woocommerce-gateway-alepay-checkout/Lib/Alepay.php on line 262
[08-Jun-2017 08:44:47 UTC] PHP Warning:  Invalid argument supplied for foreach() in /opt/lampp/htdocs/wordpressclgt/wp-content/plugins/woocommerce-gateway-alepay-checkout/woocommerce-gateway-alepay-checkout.php on line 321
[08-Jun-2017 09:42:02 UTC] PHP Warning:  call_user_func_array() expects parameter 1 to be a valid callback, function 'example_add_rewrite_rules' not found or invalid function name in /opt/lampp/htdocs/wordpressclgt/wp-includes/class-wp-hook.php on line 298
[08-Jun-2017 09:42:21 UTC] PHP Warning:  call_user_func_array() expects parameter 1 to be a valid callback, function 'example_add_rewrite_rules' not found or invalid function name in /opt/lampp/htdocs/wordpressclgt/wp-includes/class-wp-hook.php on line 298
[08-Jun-2017 09:42:34 UTC] PHP Warning:  call_user_func_array() expects parameter 1 to be a valid callback, function 'example_add_rewrite_rules' not found or invalid function name in /opt/lampp/htdocs/wordpressclgt/wp-includes/class-wp-hook.php on line 298
[08-Jun-2017 09:43:18 UTC] PHP Warning:  call_user_func_array() expects parameter 1 to be a valid callback, function 'example_add_rewrite_rules' not found or invalid function name in /opt/lampp/htdocs/wordpressclgt/wp-includes/class-wp-hook.php on line 298
[08-Jun-2017 09:45:41 UTC] PHP Warning:  call_user_func_array() expects parameter 1 to be a valid callback, function 'kia_filter_checkout_fields' not found or invalid function name in /opt/lampp/htdocs/wordpressclgt/wp-includes/class-wp-hook.php on line 298
[08-Jun-2017 09:45:41 UTC] PHP Notice:  Undefined index: billing in /opt/lampp/htdocs/wordpressclgt/wp-content/plugins/woocommerce/includes/class-wc-checkout.php on line 220
[08-Jun-2017 09:45:41 UTC] PHP Warning:  Invalid argument supplied for foreach() in /opt/lampp/htdocs/wordpressclgt/wp-content/plugins/woocommerce/templates/checkout/form-billing.php on line 40
[08-Jun-2017 09:46:13 UTC] PHP Warning:  call_user_func_array() expects parameter 1 to be a valid callback, function 'kia_filter_checkout_fields' not found or invalid function name in /opt/lampp/htdocs/wordpressclgt/wp-includes/class-wp-hook.php on line 298
[08-Jun-2017 09:46:13 UTC] PHP Notice:  Undefined index: billing in /opt/lampp/htdocs/wordpressclgt/wp-content/plugins/woocommerce/includes/class-wc-checkout.php on line 220
[08-Jun-2017 09:46:13 UTC] PHP Warning:  Invalid argument supplied for foreach() in /opt/lampp/htdocs/wordpressclgt/wp-content/plugins/woocommerce/templates/checkout/form-billing.php on line 40
[08-Jun-2017 09:46:34 UTC] WordPress database error Table 'wordpressclgt.woocommerce_payment_tokens' doesn't exist for query SHOW FULL COLUMNS FROM `woocommerce_payment_tokens` made by require('wp-blog-header.php'), require_once('wp-includes/template-loader.php'), do_action('template_redirect'), WP_Hook->do_action, WP_Hook->apply_filters, WC_AJAX::do_wc_ajax, do_action('wc_ajax_checkout'), WP_Hook->do_action, WP_Hook->apply_filters, WC_AJAX::checkout, WC_Checkout->process_checkout, WC_Checkout->process_order_payment, WC_Gateway_Alepay->process_payment
[08-Jun-2017 09:46:34 UTC] PHP Warning:  json_decode() expects parameter 1 to be string, object given in /opt/lampp/htdocs/wordpressclgt/wp-content/plugins/woocommerce-gateway-alepay-checkout/woocommerce-gateway-alepay-checkout.php on line 182
[08-Jun-2017 09:46:34 UTC] PHP Warning:  Invalid argument supplied for foreach() in /opt/lampp/htdocs/wordpressclgt/wp-content/plugins/woocommerce-gateway-alepay-checkout/woocommerce-gateway-alepay-checkout.php on line 183
[08-Jun-2017 09:48:45 UTC] PHP Notice:  Undefined variable: obj_data in /opt/lampp/htdocs/wordpressclgt/wp-content/plugins/woocommerce-gateway-alepay-checkout/Lib/Temp/success.php on line 31
[08-Jun-2017 09:48:45 UTC] PHP Notice:  Trying to get property of non-object in /opt/lampp/htdocs/wordpressclgt/wp-content/plugins/woocommerce-gateway-alepay-checkout/Lib/Temp/success.php on line 31
[08-Jun-2017 09:48:45 UTC] PHP Notice:  Undefined variable: obj_data in /opt/lampp/htdocs/wordpressclgt/wp-content/plugins/woocommerce-gateway-alepay-checkout/Lib/Temp/success.php on line 35
[08-Jun-2017 09:48:45 UTC] PHP Notice:  Trying to get property of non-object in /opt/lampp/htdocs/wordpressclgt/wp-content/plugins/woocommerce-gateway-alepay-checkout/Lib/Temp/success.php on line 35
[08-Jun-2017 09:48:45 UTC] PHP Notice:  Undefined variable: obj_data in /opt/lampp/htdocs/wordpressclgt/wp-content/plugins/woocommerce-gateway-alepay-checkout/Lib/Temp/success.php on line 44
[08-Jun-2017 09:48:45 UTC] PHP Notice:  Trying to get property of non-object in /opt/lampp/htdocs/wordpressclgt/wp-content/plugins/woocommerce-gateway-alepay-checkout/Lib/Temp/success.php on line 44
[08-Jun-2017 10:07:29 UTC] PHP Notice:  Undefined offset: 0 in /opt/lampp/htdocs/wordpressclgt/wp-content/plugins/woocommerce-gateway-alepay-checkout/Lib/Temp/success.php on line 30
[08-Jun-2017 10:07:29 UTC] PHP Notice:  Undefined offset: 1 in /opt/lampp/htdocs/wordpressclgt/wp-content/plugins/woocommerce-gateway-alepay-checkout/Lib/Temp/success.php on line 30
[08-Jun-2017 10:07:29 UTC] PHP Notice:  Undefined offset: 2 in /opt/lampp/htdocs/wordpressclgt/wp-content/plugins/woocommerce-gateway-alepay-checkout/Lib/Temp/success.php on line 30
[08-Jun-2017 10:07:29 UTC] PHP Notice:  Undefined offset: 3 in /opt/lampp/htdocs/wordpressclgt/wp-content/plugins/woocommerce-gateway-alepay-checkout/Lib/Temp/success.php on line 30
[08-Jun-2017 10:07:29 UTC] PHP Notice:  Undefined offset: 4 in /opt/lampp/htdocs/wordpressclgt/wp-content/plugins/woocommerce-gateway-alepay-checkout/Lib/Temp/success.php on line 30
[08-Jun-2017 10:07:29 UTC] PHP Notice:  Undefined offset: 5 in /opt/lampp/htdocs/wordpressclgt/wp-content/plugins/woocommerce-gateway-alepay-checkout/Lib/Temp/success.php on line 30
[08-Jun-2017 10:07:29 UTC] PHP Notice:  Undefined offset: 6 in /opt/lampp/htdocs/wordpressclgt/wp-content/plugins/woocommerce-gateway-alepay-checkout/Lib/Temp/success.php on line 30
[08-Jun-2017 10:07:29 UTC] PHP Notice:  Undefined offset: 7 in /opt/lampp/htdocs/wordpressclgt/wp-content/plugins/woocommerce-gateway-alepay-checkout/Lib/Temp/success.php on line 30
[08-Jun-2017 10:07:29 UTC] PHP Notice:  Undefined offset: 8 in /opt/lampp/htdocs/wordpressclgt/wp-content/plugins/woocommerce-gateway-alepay-checkout/Lib/Temp/success.php on line 30
[08-Jun-2017 10:07:29 UTC] PHP Notice:  Undefined offset: 9 in /opt/lampp/htdocs/wordpressclgt/wp-content/plugins/woocommerce-gateway-alepay-checkout/Lib/Temp/success.php on line 30
[08-Jun-2017 10:07:29 UTC] PHP Notice:  Undefined offset: 10 in /opt/lampp/htdocs/wordpressclgt/wp-content/plugins/woocommerce-gateway-alepay-checkout/Lib/Temp/success.php on line 30
[08-Jun-2017 10:07:29 UTC] PHP Notice:  Undefined offset: 11 in /opt/lampp/htdocs/wordpressclgt/wp-content/plugins/woocommerce-gateway-alepay-checkout/Lib/Temp/success.php on line 30
[08-Jun-2017 10:07:29 UTC] PHP Notice:  Undefined offset: 12 in /opt/lampp/htdocs/wordpressclgt/wp-content/plugins/woocommerce-gateway-alepay-checkout/Lib/Temp/success.php on line 30
[08-Jun-2017 10:07:29 UTC] PHP Notice:  Undefined offset: 13 in /opt/lampp/htdocs/wordpressclgt/wp-content/plugins/woocommerce-gateway-alepay-checkout/Lib/Temp/success.php on line 30
[08-Jun-2017 10:07:29 UTC] PHP Notice:  Undefined offset: 14 in /opt/lampp/htdocs/wordpressclgt/wp-content/plugins/woocommerce-gateway-alepay-checkout/Lib/Temp/success.php on line 30
[08-Jun-2017 10:07:29 UTC] PHP Notice:  Undefined offset: 15 in /opt/lampp/htdocs/wordpressclgt/wp-content/plugins/woocommerce-gateway-alepay-checkout/Lib/Temp/success.php on line 30
[08-Jun-2017 10:07:29 UTC] PHP Notice:  Undefined offset: 16 in /opt/lampp/htdocs/wordpressclgt/wp-content/plugins/woocommerce-gateway-alepay-checkout/Lib/Temp/success.php on line 30
[08-Jun-2017 10:07:29 UTC] PHP Notice:  Undefined offset: 17 in /opt/lampp/htdocs/wordpressclgt/wp-content/plugins/woocommerce-gateway-alepay-checkout/Lib/Temp/success.php on line 30
[08-Jun-2017 10:07:29 UTC] PHP Notice:  Undefined offset: 18 in /opt/lampp/htdocs/wordpressclgt/wp-content/plugins/woocommerce-gateway-alepay-checkout/Lib/Temp/success.php on line 30
[08-Jun-2017 10:08:42 UTC] PHP Notice:  Undefined offset: 0 in /opt/lampp/htdocs/wordpressclgt/wp-content/plugins/woocommerce-gateway-alepay-checkout/Lib/Temp/success.php on line 31
[08-Jun-2017 10:08:42 UTC] PHP Notice:  Undefined offset: 1 in /opt/lampp/htdocs/wordpressclgt/wp-content/plugins/woocommerce-gateway-alepay-checkout/Lib/Temp/success.php on line 31
[08-Jun-2017 10:08:42 UTC] PHP Notice:  Undefined offset: 2 in /opt/lampp/htdocs/wordpressclgt/wp-content/plugins/woocommerce-gateway-alepay-checkout/Lib/Temp/success.php on line 31
[08-Jun-2017 10:08:42 UTC] PHP Notice:  Undefined offset: 3 in /opt/lampp/htdocs/wordpressclgt/wp-content/plugins/woocommerce-gateway-alepay-checkout/Lib/Temp/success.php on line 31
[08-Jun-2017 10:08:42 UTC] PHP Notice:  Undefined offset: 4 in /opt/lampp/htdocs/wordpressclgt/wp-content/plugins/woocommerce-gateway-alepay-checkout/Lib/Temp/success.php on line 31
[08-Jun-2017 10:08:42 UTC] PHP Notice:  Undefined offset: 5 in /opt/lampp/htdocs/wordpressclgt/wp-content/plugins/woocommerce-gateway-alepay-checkout/Lib/Temp/success.php on line 31
[08-Jun-2017 10:08:42 UTC] PHP Notice:  Undefined offset: 6 in /opt/lampp/htdocs/wordpressclgt/wp-content/plugins/woocommerce-gateway-alepay-checkout/Lib/Temp/success.php on line 31
[08-Jun-2017 10:08:42 UTC] PHP Notice:  Undefined offset: 7 in /opt/lampp/htdocs/wordpressclgt/wp-content/plugins/woocommerce-gateway-alepay-checkout/Lib/Temp/success.php on line 31
[08-Jun-2017 10:08:42 UTC] PHP Notice:  Undefined offset: 8 in /opt/lampp/htdocs/wordpressclgt/wp-content/plugins/woocommerce-gateway-alepay-checkout/Lib/Temp/success.php on line 31
[08-Jun-2017 10:08:42 UTC] PHP Notice:  Undefined offset: 9 in /opt/lampp/htdocs/wordpressclgt/wp-content/plugins/woocommerce-gateway-alepay-checkout/Lib/Temp/success.php on line 31
[08-Jun-2017 10:08:42 UTC] PHP Notice:  Undefined offset: 10 in /opt/lampp/htdocs/wordpressclgt/wp-content/plugins/woocommerce-gateway-alepay-checkout/Lib/Temp/success.php on line 31
[08-Jun-2017 10:08:42 UTC] PHP Notice:  Undefined offset: 11 in /opt/lampp/htdocs/wordpressclgt/wp-content/plugins/woocommerce-gateway-alepay-checkout/Lib/Temp/success.php on line 31
[08-Jun-2017 10:08:42 UTC] PHP Notice:  Undefined offset: 12 in /opt/lampp/htdocs/wordpressclgt/wp-content/plugins/woocommerce-gateway-alepay-checkout/Lib/Temp/success.php on line 31
[08-Jun-2017 10:08:42 UTC] PHP Notice:  Undefined offset: 13 in /opt/lampp/htdocs/wordpressclgt/wp-content/plugins/woocommerce-gateway-alepay-checkout/Lib/Temp/success.php on line 31
[08-Jun-2017 10:08:42 UTC] PHP Notice:  Undefined offset: 14 in /opt/lampp/htdocs/wordpressclgt/wp-content/plugins/woocommerce-gateway-alepay-checkout/Lib/Temp/success.php on line 31
[08-Jun-2017 10:08:42 UTC] PHP Notice:  Undefined offset: 15 in /opt/lampp/htdocs/wordpressclgt/wp-content/plugins/woocommerce-gateway-alepay-checkout/Lib/Temp/success.php on line 31
[08-Jun-2017 10:08:42 UTC] PHP Notice:  Undefined offset: 16 in /opt/lampp/htdocs/wordpressclgt/wp-content/plugins/woocommerce-gateway-alepay-checkout/Lib/Temp/success.php on line 31
[08-Jun-2017 10:08:42 UTC] PHP Notice:  Undefined offset: 17 in /opt/lampp/htdocs/wordpressclgt/wp-content/plugins/woocommerce-gateway-alepay-checkout/Lib/Temp/success.php on line 31
[08-Jun-2017 10:08:42 UTC] PHP Notice:  Undefined offset: 18 in /opt/lampp/htdocs/wordpressclgt/wp-content/plugins/woocommerce-gateway-alepay-checkout/Lib/Temp/success.php on line 31
[08-Jun-2017 10:08:42 UTC] PHP Notice:  Undefined offset: 19 in /opt/lampp/htdocs/wordpressclgt/wp-content/plugins/woocommerce-gateway-alepay-checkout/Lib/Temp/success.php on line 31
[08-Jun-2017 10:09:00 UTC] PHP Notice:  Undefined index: i in /opt/lampp/htdocs/wordpressclgt/wp-content/plugins/woocommerce-gateway-alepay-checkout/Lib/Temp/success.php on line 31
[08-Jun-2017 10:15:43 UTC] PHP Warning:  session_destroy(): Trying to destroy uninitialized session in /opt/lampp/htdocs/wordpressclgt/wp-content/plugins/woocommerce-gateway-alepay-checkout/Lib/Temp/success.php on line 52
[08-Jun-2017 10:18:28 UTC] WordPress database error Table 'wordpressclgt.woocommerce_payment_tokens' doesn't exist for query SHOW FULL COLUMNS FROM `woocommerce_payment_tokens` made by require('wp-blog-header.php'), require_once('wp-includes/template-loader.php'), do_action('template_redirect'), WP_Hook->do_action, WP_Hook->apply_filters, WC_AJAX::do_wc_ajax, do_action('wc_ajax_checkout'), WP_Hook->do_action, WP_Hook->apply_filters, WC_AJAX::checkout, WC_Checkout->process_checkout, WC_Checkout->process_order_payment, WC_Gateway_Alepay->process_payment
[08-Jun-2017 10:18:28 UTC] PHP Warning:  json_decode() expects parameter 1 to be string, object given in /opt/lampp/htdocs/wordpressclgt/wp-content/plugins/woocommerce-gateway-alepay-checkout/woocommerce-gateway-alepay-checkout.php on line 183
[08-Jun-2017 10:18:28 UTC] PHP Warning:  Invalid argument supplied for foreach() in /opt/lampp/htdocs/wordpressclgt/wp-content/plugins/woocommerce-gateway-alepay-checkout/woocommerce-gateway-alepay-checkout.php on line 184
[08-Jun-2017 10:34:34 UTC] WordPress database error Table 'wordpressclgt.woocommerce_payment_tokens' doesn't exist for query SHOW FULL COLUMNS FROM `woocommerce_payment_tokens` made by require('wp-blog-header.php'), require_once('wp-includes/template-loader.php'), do_action('template_redirect'), WP_Hook->do_action, WP_Hook->apply_filters, WC_AJAX::do_wc_ajax, do_action('wc_ajax_checkout'), WP_Hook->do_action, WP_Hook->apply_filters, WC_AJAX::checkout, WC_Checkout->process_checkout, WC_Checkout->process_order_payment, WC_Gateway_Alepay->process_payment
[08-Jun-2017 10:34:34 UTC] PHP Warning:  json_decode() expects parameter 1 to be string, object given in /opt/lampp/htdocs/wordpressclgt/wp-content/plugins/woocommerce-gateway-alepay-checkout/woocommerce-gateway-alepay-checkout.php on line 183
[08-Jun-2017 10:34:34 UTC] PHP Warning:  Invalid argument supplied for foreach() in /opt/lampp/htdocs/wordpressclgt/wp-content/plugins/woocommerce-gateway-alepay-checkout/woocommerce-gateway-alepay-checkout.php on line 184
[09-Jun-2017 02:39:15 UTC] PHP Notice: A feed could not be found at http://wordpress.org/news/feed/. A feed with an invalid mime type may fall victim to this error, or SimplePie was unable to auto-discover it.. Use force_feed() if you are certain this URL is a real feed. in /opt/lampp/htdocs/wordpressclgt/wp-includes/class-simplepie.php on line 1555
[09-Jun-2017 02:39:18 UTC] PHP Notice: A feed could not be found at http://wordpress.org/plugins/rss/browse/popular/. A feed with an invalid mime type may fall victim to this error, or SimplePie was unable to auto-discover it.. Use force_feed() if you are certain this URL is a real feed. in /opt/lampp/htdocs/wordpressclgt/wp-includes/class-simplepie.php on line 1555
[09-Jun-2017 04:28:19 UTC] PHP Warning:  mysqli_real_connect(): MySQL server has gone away in /opt/lampp/htdocs/wordpressclgt/wp-includes/wp-db.php on line 1538
[09-Jun-2017 04:28:19 UTC] PHP Warning:  mysqli_real_connect(): Error while reading greeting packet. PID=3577 in /opt/lampp/htdocs/wordpressclgt/wp-includes/wp-db.php on line 1538
[09-Jun-2017 04:28:19 UTC] PHP Warning:  mysqli_real_connect(): (HY000/2006): MySQL server has gone away in /opt/lampp/htdocs/wordpressclgt/wp-includes/wp-db.php on line 1538
[09-Jun-2017 04:29:13 UTC] PHP Warning:  mysqli_real_connect(): MySQL server has gone away in /opt/lampp/htdocs/wordpressclgt/wp-includes/wp-db.php on line 1538
[09-Jun-2017 04:29:13 UTC] PHP Warning:  mysqli_real_connect(): Error while reading greeting packet. PID=9602 in /opt/lampp/htdocs/wordpressclgt/wp-includes/wp-db.php on line 1538
[09-Jun-2017 04:29:13 UTC] PHP Warning:  mysqli_real_connect(): (HY000/2006): MySQL server has gone away in /opt/lampp/htdocs/wordpressclgt/wp-includes/wp-db.php on line 1538
[09-Jun-2017 04:33:34 UTC] PHP Warning:  mysqli_real_connect(): MySQL server has gone away in /opt/lampp/htdocs/wordpressclgt/wp-includes/wp-db.php on line 1538
[09-Jun-2017 04:33:35 UTC] PHP Warning:  mysqli_real_connect(): Error while reading greeting packet. PID=2338 in /opt/lampp/htdocs/wordpressclgt/wp-includes/wp-db.php on line 1538
[09-Jun-2017 04:33:35 UTC] PHP Warning:  mysqli_real_connect(): (HY000/2006): MySQL server has gone away in /opt/lampp/htdocs/wordpressclgt/wp-includes/wp-db.php on line 1538
